<?xml version="1.0" encoding="UTF-8"?>
<testng-results skipped="0" failed="0" total="410" passed="410">
  <reporter-output>
  </reporter-output>
  <suite name="Default suite" duration-ms="1441" started-at="2016-07-27T16:24:34Z" finished-at="2016-07-27T16:24:36Z">
    <groups>
    </groups>
    <test name="Default test" duration-ms="1441" started-at="2016-07-27T16:24:34Z" finished-at="2016-07-27T16:24:36Z">
      <class name="Test.EListTest_NG">
        <test-method status="PASS" signature="test_addEnd_0(Task.EList)[pri:0, instance:Test.EListTest_NG@6d78f375]" name="test_addEnd_0" duration-ms="32" started-at="2016-07-27T19:24:34Z" data-provider="parameterTest" finished-at="2016-07-27T19:24:34Z">
          <params>
            <param index="0">
              <value>
                <![CDATA[5]]>
              </value>
            </param>
          </params>
          <reporter-output>
          </reporter-output>
        </test-method> <!-- test_addEnd_0 -->
        <test-method status="PASS" signature="test_addEnd_0(Task.EList)[pri:0, instance:Test.EListTest_NG@6d78f375]" name="test_addEnd_0" duration-ms="4" started-at="2016-07-27T19:24:34Z" data-provider="parameterTest" finished-at="2016-07-27T19:24:34Z">
          <params>
            <param index="0">
              <value>
                <![CDATA[5]]>
              </value>
            </param>
          </params>
          <reporter-output>
          </reporter-output>
        </test-method> <!-- test_addEnd_0 -->
        <test-method status="PASS" signature="test_addEnd_0(Task.EList)[pri:0, instance:Test.EListTest_NG@6d78f375]" name="test_addEnd_0" duration-ms="4" started-at="2016-07-27T19:24:34Z" data-provider="parameterTest" finished-at="2016-07-27T19:24:34Z">
          <params>
            <param index="0">
              <value>
                <![CDATA[5]]>
              </value>
            </param>
          </params>
          <reporter-output>
          </reporter-output>
        </test-method> <!-- test_addEnd_0 -->
        <test-method status="PASS" signature="test_addEnd_0(Task.EList)[pri:0, instance:Test.EListTest_NG@6d78f375]" name="test_addEnd_0" duration-ms="2" started-at="2016-07-27T19:24:34Z" data-provider="parameterTest" finished-at="2016-07-27T19:24:34Z">
          <params>
            <param index="0">
              <value>
                <![CDATA[5]]>
              </value>
            </param>
          </params>
          <reporter-output>
          </reporter-output>
        </test-method> <!-- test_addEnd_0 -->
        <test-method status="PASS" signature="test_addEnd_0(Task.EList)[pri:0, instance:Test.EListTest_NG@6d78f375]" name="test_addEnd_0" duration-ms="3" started-at="2016-07-27T19:24:34Z" data-provider="parameterTest" finished-at="2016-07-27T19:24:34Z">
          <params>
            <param index="0">
              <value>
                <![CDATA[5]]>
              </value>
            </param>
          </params>
          <reporter-output>
          </reporter-output>
        </test-method> <!-- test_addEnd_0 -->
        <test-method status="PASS" signature="test_addEnd_1(Task.EList)[pri:0, instance:Test.EListTest_NG@6d78f375]" name="test_addEnd_1" duration-ms="1" started-at="2016-07-27T19:24:34Z" data-provider="parameterTest" finished-at="2016-07-27T19:24:34Z">
          <params>
            <param index="0">
              <value>
                <![CDATA[1,5]]>
              </value>
            </param>
          </params>
          <reporter-output>
          </reporter-output>
        </test-method> <!-- test_addEnd_1 -->
        <test-method status="PASS" signature="test_addEnd_1(Task.EList)[pri:0, instance:Test.EListTest_NG@6d78f375]" name="test_addEnd_1" duration-ms="2" started-at="2016-07-27T19:24:34Z" data-provider="parameterTest" finished-at="2016-07-27T19:24:34Z">
          <params>
            <param index="0">
              <value>
                <![CDATA[1,5]]>
              </value>
            </param>
          </params>
          <reporter-output>
          </reporter-output>
        </test-method> <!-- test_addEnd_1 -->
        <test-method status="PASS" signature="test_addEnd_1(Task.EList)[pri:0, instance:Test.EListTest_NG@6d78f375]" name="test_addEnd_1" duration-ms="4" started-at="2016-07-27T19:24:34Z" data-provider="parameterTest" finished-at="2016-07-27T19:24:34Z">
          <params>
            <param index="0">
              <value>
                <![CDATA[1,5]]>
              </value>
            </param>
          </params>
          <reporter-output>
          </reporter-output>
        </test-method> <!-- test_addEnd_1 -->
        <test-method status="PASS" signature="test_addEnd_1(Task.EList)[pri:0, instance:Test.EListTest_NG@6d78f375]" name="test_addEnd_1" duration-ms="2" started-at="2016-07-27T19:24:34Z" data-provider="parameterTest" finished-at="2016-07-27T19:24:34Z">
          <params>
            <param index="0">
              <value>
                <![CDATA[1,5]]>
              </value>
            </param>
          </params>
          <reporter-output>
          </reporter-output>
        </test-method> <!-- test_addEnd_1 -->
        <test-method status="PASS" signature="test_addEnd_1(Task.EList)[pri:0, instance:Test.EListTest_NG@6d78f375]" name="test_addEnd_1" duration-ms="1" started-at="2016-07-27T19:24:35Z" data-provider="parameterTest" finished-at="2016-07-27T19:24:35Z">
          <params>
            <param index="0">
              <value>
                <![CDATA[1,5]]>
              </value>
            </param>
          </params>
          <reporter-output>
          </reporter-output>
        </test-method> <!-- test_addEnd_1 -->
        <test-method status="PASS" signature="test_addEnd_2(Task.EList)[pri:0, instance:Test.EListTest_NG@6d78f375]" name="test_addEnd_2" duration-ms="1" started-at="2016-07-27T19:24:35Z" data-provider="parameterTest" finished-at="2016-07-27T19:24:35Z">
          <params>
            <param index="0">
              <value>
                <![CDATA[1,-5,5]]>
              </value>
            </param>
          </params>
          <reporter-output>
          </reporter-output>
        </test-method> <!-- test_addEnd_2 -->
        <test-method status="PASS" signature="test_addEnd_2(Task.EList)[pri:0, instance:Test.EListTest_NG@6d78f375]" name="test_addEnd_2" duration-ms="1" started-at="2016-07-27T19:24:35Z" data-provider="parameterTest" finished-at="2016-07-27T19:24:35Z">
          <params>
            <param index="0">
              <value>
                <![CDATA[1,-5,5]]>
              </value>
            </param>
          </params>
          <reporter-output>
          </reporter-output>
        </test-method> <!-- test_addEnd_2 -->
        <test-method status="PASS" signature="test_addEnd_2(Task.EList)[pri:0, instance:Test.EListTest_NG@6d78f375]" name="test_addEnd_2" duration-ms="1" started-at="2016-07-27T19:24:35Z" data-provider="parameterTest" finished-at="2016-07-27T19:24:35Z">
          <params>
            <param index="0">
              <value>
                <![CDATA[1,-5,5]]>
              </value>
            </param>
          </params>
          <reporter-output>
          </reporter-output>
        </test-method> <!-- test_addEnd_2 -->
        <test-method status="PASS" signature="test_addEnd_2(Task.EList)[pri:0, instance:Test.EListTest_NG@6d78f375]" name="test_addEnd_2" duration-ms="1" started-at="2016-07-27T19:24:35Z" data-provider="parameterTest" finished-at="2016-07-27T19:24:35Z">
          <params>
            <param index="0">
              <value>
                <![CDATA[1,-5,5]]>
              </value>
            </param>
          </params>
          <reporter-output>
          </reporter-output>
        </test-method> <!-- test_addEnd_2 -->
        <test-method status="PASS" signature="test_addEnd_2(Task.EList)[pri:0, instance:Test.EListTest_NG@6d78f375]" name="test_addEnd_2" duration-ms="1" started-at="2016-07-27T19:24:35Z" data-provider="parameterTest" finished-at="2016-07-27T19:24:35Z">
          <params>
            <param index="0">
              <value>
                <![CDATA[1,-5,5]]>
              </value>
            </param>
          </params>
          <reporter-output>
          </reporter-output>
        </test-method> <!-- test_addEnd_2 -->
        <test-method status="PASS" signature="test_addEnd_many(Task.EList)[pri:0, instance:Test.EListTest_NG@6d78f375]" name="test_addEnd_many" duration-ms="2" started-at="2016-07-27T19:24:35Z" data-provider="parameterTest" finished-at="2016-07-27T19:24:35Z">
          <params>
            <param index="0">
              <value>
                <![CDATA[4,0,-5,100,-3,5]]>
              </value>
            </param>
          </params>
          <reporter-output>
          </reporter-output>
        </test-method> <!-- test_addEnd_many -->
        <test-method status="PASS" signature="test_addEnd_many(Task.EList)[pri:0, instance:Test.EListTest_NG@6d78f375]" name="test_addEnd_many" duration-ms="1" started-at="2016-07-27T19:24:35Z" data-provider="parameterTest" finished-at="2016-07-27T19:24:35Z">
          <params>
            <param index="0">
              <value>
                <![CDATA[4,0,-5,100,-3,5]]>
              </value>
            </param>
          </params>
          <reporter-output>
          </reporter-output>
        </test-method> <!-- test_addEnd_many -->
        <test-method status="PASS" signature="test_addEnd_many(Task.EList)[pri:0, instance:Test.EListTest_NG@6d78f375]" name="test_addEnd_many" duration-ms="4" started-at="2016-07-27T19:24:35Z" data-provider="parameterTest" finished-at="2016-07-27T19:24:35Z">
          <params>
            <param index="0">
              <value>
                <![CDATA[4,0,-5,100,-3,5]]>
              </value>
            </param>
          </params>
          <reporter-output>
          </reporter-output>
        </test-method> <!-- test_addEnd_many -->
        <test-method status="PASS" signature="test_addEnd_many(Task.EList)[pri:0, instance:Test.EListTest_NG@6d78f375]" name="test_addEnd_many" duration-ms="1" started-at="2016-07-27T19:24:35Z" data-provider="parameterTest" finished-at="2016-07-27T19:24:35Z">
          <params>
            <param index="0">
              <value>
                <![CDATA[4,0,-5,100,-3,5]]>
              </value>
            </param>
          </params>
          <reporter-output>
          </reporter-output>
        </test-method> <!-- test_addEnd_many -->
        <test-method status="PASS" signature="test_addEnd_many(Task.EList)[pri:0, instance:Test.EListTest_NG@6d78f375]" name="test_addEnd_many" duration-ms="1" started-at="2016-07-27T19:24:35Z" data-provider="parameterTest" finished-at="2016-07-27T19:24:35Z">
          <params>
            <param index="0">
              <value>
                <![CDATA[4,0,-5,100,-3,5]]>
              </value>
            </param>
          </params>
          <reporter-output>
          </reporter-output>
        </test-method> <!-- test_addEnd_many -->
        <test-method status="PASS" signature="test_addPos_0(Task.EList)[pri:0, instance:Test.EListTest_NG@6d78f375]" name="test_addPos_0" duration-ms="1" started-at="2016-07-27T19:24:35Z" data-provider="parameterTest" finished-at="2016-07-27T19:24:35Z">
          <params>
            <param index="0">
              <value>
                <![CDATA[5]]>
              </value>
            </param>
          </params>
          <reporter-output>
          </reporter-output>
        </test-method> <!-- test_addPos_0 -->
        <test-method status="PASS" signature="test_addPos_0(Task.EList)[pri:0, instance:Test.EListTest_NG@6d78f375]" name="test_addPos_0" duration-ms="2" started-at="2016-07-27T19:24:35Z" data-provider="parameterTest" finished-at="2016-07-27T19:24:35Z">
          <params>
            <param index="0">
              <value>
                <![CDATA[5]]>
              </value>
            </param>
          </params>
          <reporter-output>
          </reporter-output>
        </test-method> <!-- test_addPos_0 -->
        <test-method status="PASS" signature="test_addPos_0(Task.EList)[pri:0, instance:Test.EListTest_NG@6d78f375]" name="test_addPos_0" duration-ms="1" started-at="2016-07-27T19:24:35Z" data-provider="parameterTest" finished-at="2016-07-27T19:24:35Z">
          <params>
            <param index="0">
              <value>
                <![CDATA[5]]>
              </value>
            </param>
          </params>
          <reporter-output>
          </reporter-output>
        </test-method> <!-- test_addPos_0 -->
        <test-method status="PASS" signature="test_addPos_0(Task.EList)[pri:0, instance:Test.EListTest_NG@6d78f375]" name="test_addPos_0" duration-ms="4" started-at="2016-07-27T19:24:35Z" data-provider="parameterTest" finished-at="2016-07-27T19:24:35Z">
          <params>
            <param index="0">
              <value>
                <![CDATA[5]]>
              </value>
            </param>
          </params>
          <reporter-output>
          </reporter-output>
        </test-method> <!-- test_addPos_0 -->
        <test-method status="PASS" signature="test_addPos_0(Task.EList)[pri:0, instance:Test.EListTest_NG@6d78f375]" name="test_addPos_0" duration-ms="1" started-at="2016-07-27T19:24:35Z" data-provider="parameterTest" finished-at="2016-07-27T19:24:35Z">
          <params>
            <param index="0">
              <value>
                <![CDATA[5]]>
              </value>
            </param>
          </params>
          <reporter-output>
          </reporter-output>
        </test-method> <!-- test_addPos_0 -->
        <test-method status="PASS" signature="test_addPos_1(Task.EList)[pri:0, instance:Test.EListTest_NG@6d78f375]" name="test_addPos_1" duration-ms="1" started-at="2016-07-27T19:24:35Z" data-provider="parameterTest" finished-at="2016-07-27T19:24:35Z">
          <params>
            <param index="0">
              <value>
                <![CDATA[1,5]]>
              </value>
            </param>
          </params>
          <reporter-output>
          </reporter-output>
        </test-method> <!-- test_addPos_1 -->
        <test-method status="PASS" signature="test_addPos_1(Task.EList)[pri:0, instance:Test.EListTest_NG@6d78f375]" name="test_addPos_1" duration-ms="1" started-at="2016-07-27T19:24:35Z" data-provider="parameterTest" finished-at="2016-07-27T19:24:35Z">
          <params>
            <param index="0">
              <value>
                <![CDATA[1,5]]>
              </value>
            </param>
          </params>
          <reporter-output>
          </reporter-output>
        </test-method> <!-- test_addPos_1 -->
        <test-method status="PASS" signature="test_addPos_1(Task.EList)[pri:0, instance:Test.EListTest_NG@6d78f375]" name="test_addPos_1" duration-ms="2" started-at="2016-07-27T19:24:35Z" data-provider="parameterTest" finished-at="2016-07-27T19:24:35Z">
          <params>
            <param index="0">
              <value>
                <![CDATA[1,5]]>
              </value>
            </param>
          </params>
          <reporter-output>
          </reporter-output>
        </test-method> <!-- test_addPos_1 -->
        <test-method status="PASS" signature="test_addPos_1(Task.EList)[pri:0, instance:Test.EListTest_NG@6d78f375]" name="test_addPos_1" duration-ms="1" started-at="2016-07-27T19:24:35Z" data-provider="parameterTest" finished-at="2016-07-27T19:24:35Z">
          <params>
            <param index="0">
              <value>
                <![CDATA[1,5]]>
              </value>
            </param>
          </params>
          <reporter-output>
          </reporter-output>
        </test-method> <!-- test_addPos_1 -->
        <test-method status="PASS" signature="test_addPos_1(Task.EList)[pri:0, instance:Test.EListTest_NG@6d78f375]" name="test_addPos_1" duration-ms="2" started-at="2016-07-27T19:24:35Z" data-provider="parameterTest" finished-at="2016-07-27T19:24:35Z">
          <params>
            <param index="0">
              <value>
                <![CDATA[1,5]]>
              </value>
            </param>
          </params>
          <reporter-output>
          </reporter-output>
        </test-method> <!-- test_addPos_1 -->
        <test-method status="PASS" signature="test_addPos_2(Task.EList)[pri:0, instance:Test.EListTest_NG@6d78f375]" name="test_addPos_2" duration-ms="1" started-at="2016-07-27T19:24:35Z" data-provider="parameterTest" finished-at="2016-07-27T19:24:35Z">
          <params>
            <param index="0">
              <value>
                <![CDATA[1,5,-5]]>
              </value>
            </param>
          </params>
          <reporter-output>
          </reporter-output>
        </test-method> <!-- test_addPos_2 -->
        <test-method status="PASS" signature="test_addPos_2(Task.EList)[pri:0, instance:Test.EListTest_NG@6d78f375]" name="test_addPos_2" duration-ms="3" started-at="2016-07-27T19:24:35Z" data-provider="parameterTest" finished-at="2016-07-27T19:24:35Z">
          <params>
            <param index="0">
              <value>
                <![CDATA[1,5,-5]]>
              </value>
            </param>
          </params>
          <reporter-output>
          </reporter-output>
        </test-method> <!-- test_addPos_2 -->
        <test-method status="PASS" signature="test_addPos_2(Task.EList)[pri:0, instance:Test.EListTest_NG@6d78f375]" name="test_addPos_2" duration-ms="1" started-at="2016-07-27T19:24:35Z" data-provider="parameterTest" finished-at="2016-07-27T19:24:35Z">
          <params>
            <param index="0">
              <value>
                <![CDATA[1,5,-5]]>
              </value>
            </param>
          </params>
          <reporter-output>
          </reporter-output>
        </test-method> <!-- test_addPos_2 -->
        <test-method status="PASS" signature="test_addPos_2(Task.EList)[pri:0, instance:Test.EListTest_NG@6d78f375]" name="test_addPos_2" duration-ms="2" started-at="2016-07-27T19:24:35Z" data-provider="parameterTest" finished-at="2016-07-27T19:24:35Z">
          <params>
            <param index="0">
              <value>
                <![CDATA[1,5,-5]]>
              </value>
            </param>
          </params>
          <reporter-output>
          </reporter-output>
        </test-method> <!-- test_addPos_2 -->
        <test-method status="PASS" signature="test_addPos_2(Task.EList)[pri:0, instance:Test.EListTest_NG@6d78f375]" name="test_addPos_2" duration-ms="2" started-at="2016-07-27T19:24:35Z" data-provider="parameterTest" finished-at="2016-07-27T19:24:35Z">
          <params>
            <param index="0">
              <value>
                <![CDATA[1,5,-5]]>
              </value>
            </param>
          </params>
          <reporter-output>
          </reporter-output>
        </test-method> <!-- test_addPos_2 -->
        <test-method status="PASS" signature="test_addPos_many(Task.EList)[pri:0, instance:Test.EListTest_NG@6d78f375]" name="test_addPos_many" duration-ms="1" started-at="2016-07-27T19:24:35Z" data-provider="parameterTest" finished-at="2016-07-27T19:24:35Z">
          <params>
            <param index="0">
              <value>
                <![CDATA[4,0,-5,5,100,-3]]>
              </value>
            </param>
          </params>
          <reporter-output>
          </reporter-output>
        </test-method> <!-- test_addPos_many -->
        <test-method status="PASS" signature="test_addPos_many(Task.EList)[pri:0, instance:Test.EListTest_NG@6d78f375]" name="test_addPos_many" duration-ms="6" started-at="2016-07-27T19:24:35Z" data-provider="parameterTest" finished-at="2016-07-27T19:24:35Z">
          <params>
            <param index="0">
              <value>
                <![CDATA[4,0,-5,5,100,-3]]>
              </value>
            </param>
          </params>
          <reporter-output>
          </reporter-output>
        </test-method> <!-- test_addPos_many -->
        <test-method status="PASS" signature="test_addPos_many(Task.EList)[pri:0, instance:Test.EListTest_NG@6d78f375]" name="test_addPos_many" duration-ms="1" started-at="2016-07-27T19:24:35Z" data-provider="parameterTest" finished-at="2016-07-27T19:24:35Z">
          <params>
            <param index="0">
              <value>
                <![CDATA[4,0,-5,5,100,-3]]>
              </value>
            </param>
          </params>
          <reporter-output>
          </reporter-output>
        </test-method> <!-- test_addPos_many -->
        <test-method status="PASS" signature="test_addPos_many(Task.EList)[pri:0, instance:Test.EListTest_NG@6d78f375]" name="test_addPos_many" duration-ms="2" started-at="2016-07-27T19:24:35Z" data-provider="parameterTest" finished-at="2016-07-27T19:24:35Z">
          <params>
            <param index="0">
              <value>
                <![CDATA[4,0,-5,5,100,-3]]>
              </value>
            </param>
          </params>
          <reporter-output>
          </reporter-output>
        </test-method> <!-- test_addPos_many -->
        <test-method status="PASS" signature="test_addPos_many(Task.EList)[pri:0, instance:Test.EListTest_NG@6d78f375]" name="test_addPos_many" duration-ms="2" started-at="2016-07-27T19:24:35Z" data-provider="parameterTest" finished-at="2016-07-27T19:24:35Z">
          <params>
            <param index="0">
              <value>
                <![CDATA[4,0,-5,5,100,-3]]>
              </value>
            </param>
          </params>
          <reporter-output>
          </reporter-output>
        </test-method> <!-- test_addPos_many -->
        <test-method status="PASS" signature="test_addStart_0(Task.EList)[pri:0, instance:Test.EListTest_NG@6d78f375]" name="test_addStart_0" duration-ms="2" started-at="2016-07-27T19:24:35Z" data-provider="parameterTest" finished-at="2016-07-27T19:24:35Z">
          <params>
            <param index="0">
              <value>
                <![CDATA[5]]>
              </value>
            </param>
          </params>
          <reporter-output>
          </reporter-output>
        </test-method> <!-- test_addStart_0 -->
        <test-method status="PASS" signature="test_addStart_0(Task.EList)[pri:0, instance:Test.EListTest_NG@6d78f375]" name="test_addStart_0" duration-ms="4" started-at="2016-07-27T19:24:35Z" data-provider="parameterTest" finished-at="2016-07-27T19:24:35Z">
          <params>
            <param index="0">
              <value>
                <![CDATA[5]]>
              </value>
            </param>
          </params>
          <reporter-output>
          </reporter-output>
        </test-method> <!-- test_addStart_0 -->
        <test-method status="PASS" signature="test_addStart_0(Task.EList)[pri:0, instance:Test.EListTest_NG@6d78f375]" name="test_addStart_0" duration-ms="1" started-at="2016-07-27T19:24:35Z" data-provider="parameterTest" finished-at="2016-07-27T19:24:35Z">
          <params>
            <param index="0">
              <value>
                <![CDATA[5]]>
              </value>
            </param>
          </params>
          <reporter-output>
          </reporter-output>
        </test-method> <!-- test_addStart_0 -->
        <test-method status="PASS" signature="test_addStart_0(Task.EList)[pri:0, instance:Test.EListTest_NG@6d78f375]" name="test_addStart_0" duration-ms="1" started-at="2016-07-27T19:24:35Z" data-provider="parameterTest" finished-at="2016-07-27T19:24:35Z">
          <params>
            <param index="0">
              <value>
                <![CDATA[5]]>
              </value>
            </param>
          </params>
          <reporter-output>
          </reporter-output>
        </test-method> <!-- test_addStart_0 -->
        <test-method status="PASS" signature="test_addStart_0(Task.EList)[pri:0, instance:Test.EListTest_NG@6d78f375]" name="test_addStart_0" duration-ms="2" started-at="2016-07-27T19:24:35Z" data-provider="parameterTest" finished-at="2016-07-27T19:24:35Z">
          <params>
            <param index="0">
              <value>
                <![CDATA[5]]>
              </value>
            </param>
          </params>
          <reporter-output>
          </reporter-output>
        </test-method> <!-- test_addStart_0 -->
        <test-method status="PASS" signature="test_addStart_1(Task.EList)[pri:0, instance:Test.EListTest_NG@6d78f375]" name="test_addStart_1" duration-ms="1" started-at="2016-07-27T19:24:35Z" data-provider="parameterTest" finished-at="2016-07-27T19:24:35Z">
          <params>
            <param index="0">
              <value>
                <![CDATA[5,1]]>
              </value>
            </param>
          </params>
          <reporter-output>
          </reporter-output>
        </test-method> <!-- test_addStart_1 -->
        <test-method status="PASS" signature="test_addStart_1(Task.EList)[pri:0, instance:Test.EListTest_NG@6d78f375]" name="test_addStart_1" duration-ms="0" started-at="2016-07-27T19:24:35Z" data-provider="parameterTest" finished-at="2016-07-27T19:24:35Z">
          <params>
            <param index="0">
              <value>
                <![CDATA[5,1]]>
              </value>
            </param>
          </params>
          <reporter-output>
          </reporter-output>
        </test-method> <!-- test_addStart_1 -->
        <test-method status="PASS" signature="test_addStart_1(Task.EList)[pri:0, instance:Test.EListTest_NG@6d78f375]" name="test_addStart_1" duration-ms="1" started-at="2016-07-27T19:24:35Z" data-provider="parameterTest" finished-at="2016-07-27T19:24:35Z">
          <params>
            <param index="0">
              <value>
                <![CDATA[5,1]]>
              </value>
            </param>
          </params>
          <reporter-output>
          </reporter-output>
        </test-method> <!-- test_addStart_1 -->
        <test-method status="PASS" signature="test_addStart_1(Task.EList)[pri:0, instance:Test.EListTest_NG@6d78f375]" name="test_addStart_1" duration-ms="7" started-at="2016-07-27T19:24:35Z" data-provider="parameterTest" finished-at="2016-07-27T19:24:35Z">
          <params>
            <param index="0">
              <value>
                <![CDATA[5,1]]>
              </value>
            </param>
          </params>
          <reporter-output>
          </reporter-output>
        </test-method> <!-- test_addStart_1 -->
        <test-method status="PASS" signature="test_addStart_1(Task.EList)[pri:0, instance:Test.EListTest_NG@6d78f375]" name="test_addStart_1" duration-ms="1" started-at="2016-07-27T19:24:35Z" data-provider="parameterTest" finished-at="2016-07-27T19:24:35Z">
          <params>
            <param index="0">
              <value>
                <![CDATA[5,1]]>
              </value>
            </param>
          </params>
          <reporter-output>
          </reporter-output>
        </test-method> <!-- test_addStart_1 -->
        <test-method status="PASS" signature="test_addStart_2(Task.EList)[pri:0, instance:Test.EListTest_NG@6d78f375]" name="test_addStart_2" duration-ms="1" started-at="2016-07-27T19:24:35Z" data-provider="parameterTest" finished-at="2016-07-27T19:24:35Z">
          <params>
            <param index="0">
              <value>
                <![CDATA[5,1,-5]]>
              </value>
            </param>
          </params>
          <reporter-output>
          </reporter-output>
        </test-method> <!-- test_addStart_2 -->
        <test-method status="PASS" signature="test_addStart_2(Task.EList)[pri:0, instance:Test.EListTest_NG@6d78f375]" name="test_addStart_2" duration-ms="1" started-at="2016-07-27T19:24:35Z" data-provider="parameterTest" finished-at="2016-07-27T19:24:35Z">
          <params>
            <param index="0">
              <value>
                <![CDATA[5,1,-5]]>
              </value>
            </param>
          </params>
          <reporter-output>
          </reporter-output>
        </test-method> <!-- test_addStart_2 -->
        <test-method status="PASS" signature="test_addStart_2(Task.EList)[pri:0, instance:Test.EListTest_NG@6d78f375]" name="test_addStart_2" duration-ms="1" started-at="2016-07-27T19:24:35Z" data-provider="parameterTest" finished-at="2016-07-27T19:24:35Z">
          <params>
            <param index="0">
              <value>
                <![CDATA[5,1,-5]]>
              </value>
            </param>
          </params>
          <reporter-output>
          </reporter-output>
        </test-method> <!-- test_addStart_2 -->
        <test-method status="PASS" signature="test_addStart_2(Task.EList)[pri:0, instance:Test.EListTest_NG@6d78f375]" name="test_addStart_2" duration-ms="1" started-at="2016-07-27T19:24:35Z" data-provider="parameterTest" finished-at="2016-07-27T19:24:35Z">
          <params>
            <param index="0">
              <value>
                <![CDATA[5,1,-5]]>
              </value>
            </param>
          </params>
          <reporter-output>
          </reporter-output>
        </test-method> <!-- test_addStart_2 -->
        <test-method status="PASS" signature="test_addStart_2(Task.EList)[pri:0, instance:Test.EListTest_NG@6d78f375]" name="test_addStart_2" duration-ms="2" started-at="2016-07-27T19:24:35Z" data-provider="parameterTest" finished-at="2016-07-27T19:24:35Z">
          <params>
            <param index="0">
              <value>
                <![CDATA[5,1,-5]]>
              </value>
            </param>
          </params>
          <reporter-output>
          </reporter-output>
        </test-method> <!-- test_addStart_2 -->
        <test-method status="PASS" signature="test_addStart_many(Task.EList)[pri:0, instance:Test.EListTest_NG@6d78f375]" name="test_addStart_many" duration-ms="1" started-at="2016-07-27T19:24:35Z" data-provider="parameterTest" finished-at="2016-07-27T19:24:35Z">
          <params>
            <param index="0">
              <value>
                <![CDATA[5,4,0,-5,100,-3]]>
              </value>
            </param>
          </params>
          <reporter-output>
          </reporter-output>
        </test-method> <!-- test_addStart_many -->
        <test-method status="PASS" signature="test_addStart_many(Task.EList)[pri:0, instance:Test.EListTest_NG@6d78f375]" name="test_addStart_many" duration-ms="1" started-at="2016-07-27T19:24:35Z" data-provider="parameterTest" finished-at="2016-07-27T19:24:35Z">
          <params>
            <param index="0">
              <value>
                <![CDATA[5,4,0,-5,100,-3]]>
              </value>
            </param>
          </params>
          <reporter-output>
          </reporter-output>
        </test-method> <!-- test_addStart_many -->
        <test-method status="PASS" signature="test_addStart_many(Task.EList)[pri:0, instance:Test.EListTest_NG@6d78f375]" name="test_addStart_many" duration-ms="1" started-at="2016-07-27T19:24:35Z" data-provider="parameterTest" finished-at="2016-07-27T19:24:35Z">
          <params>
            <param index="0">
              <value>
                <![CDATA[5,4,0,-5,100,-3]]>
              </value>
            </param>
          </params>
          <reporter-output>
          </reporter-output>
        </test-method> <!-- test_addStart_many -->
        <test-method status="PASS" signature="test_addStart_many(Task.EList)[pri:0, instance:Test.EListTest_NG@6d78f375]" name="test_addStart_many" duration-ms="0" started-at="2016-07-27T19:24:35Z" data-provider="parameterTest" finished-at="2016-07-27T19:24:35Z">
          <params>
            <param index="0">
              <value>
                <![CDATA[5,4,0,-5,100,-3]]>
              </value>
            </param>
          </params>
          <reporter-output>
          </reporter-output>
        </test-method> <!-- test_addStart_many -->
        <test-method status="PASS" signature="test_addStart_many(Task.EList)[pri:0, instance:Test.EListTest_NG@6d78f375]" name="test_addStart_many" duration-ms="1" started-at="2016-07-27T19:24:35Z" data-provider="parameterTest" finished-at="2016-07-27T19:24:35Z">
          <params>
            <param index="0">
              <value>
                <![CDATA[5,4,0,-5,100,-3]]>
              </value>
            </param>
          </params>
          <reporter-output>
          </reporter-output>
        </test-method> <!-- test_addStart_many -->
        <test-method status="PASS" signature="test_clear_0(Task.EList)[pri:0, instance:Test.EListTest_NG@6d78f375]" name="test_clear_0" duration-ms="2" started-at="2016-07-27T19:24:35Z" data-provider="parameterTest" finished-at="2016-07-27T19:24:35Z">
          <params>
            <param index="0">
              <value>
                <![CDATA[]]>
              </value>
            </param>
          </params>
          <reporter-output>
          </reporter-output>
        </test-method> <!-- test_clear_0 -->
        <test-method status="PASS" signature="test_clear_0(Task.EList)[pri:0, instance:Test.EListTest_NG@6d78f375]" name="test_clear_0" duration-ms="2" started-at="2016-07-27T19:24:35Z" data-provider="parameterTest" finished-at="2016-07-27T19:24:35Z">
          <params>
            <param index="0">
              <value>
                <![CDATA[]]>
              </value>
            </param>
          </params>
          <reporter-output>
          </reporter-output>
        </test-method> <!-- test_clear_0 -->
        <test-method status="PASS" signature="test_clear_0(Task.EList)[pri:0, instance:Test.EListTest_NG@6d78f375]" name="test_clear_0" duration-ms="7" started-at="2016-07-27T19:24:35Z" data-provider="parameterTest" finished-at="2016-07-27T19:24:35Z">
          <params>
            <param index="0">
              <value>
                <![CDATA[]]>
              </value>
            </param>
          </params>
          <reporter-output>
          </reporter-output>
        </test-method> <!-- test_clear_0 -->
        <test-method status="PASS" signature="test_clear_0(Task.EList)[pri:0, instance:Test.EListTest_NG@6d78f375]" name="test_clear_0" duration-ms="2" started-at="2016-07-27T19:24:35Z" data-provider="parameterTest" finished-at="2016-07-27T19:24:35Z">
          <params>
            <param index="0">
              <value>
                <![CDATA[]]>
              </value>
            </param>
          </params>
          <reporter-output>
          </reporter-output>
        </test-method> <!-- test_clear_0 -->
        <test-method status="PASS" signature="test_clear_0(Task.EList)[pri:0, instance:Test.EListTest_NG@6d78f375]" name="test_clear_0" duration-ms="2" started-at="2016-07-27T19:24:35Z" data-provider="parameterTest" finished-at="2016-07-27T19:24:35Z">
          <params>
            <param index="0">
              <value>
                <![CDATA[]]>
              </value>
            </param>
          </params>
          <reporter-output>
          </reporter-output>
        </test-method> <!-- test_clear_0 -->
        <test-method status="PASS" signature="test_clear_1(Task.EList)[pri:0, instance:Test.EListTest_NG@6d78f375]" name="test_clear_1" duration-ms="1" started-at="2016-07-27T19:24:35Z" data-provider="parameterTest" finished-at="2016-07-27T19:24:35Z">
          <params>
            <param index="0">
              <value>
                <![CDATA[]]>
              </value>
            </param>
          </params>
          <reporter-output>
          </reporter-output>
        </test-method> <!-- test_clear_1 -->
        <test-method status="PASS" signature="test_clear_1(Task.EList)[pri:0, instance:Test.EListTest_NG@6d78f375]" name="test_clear_1" duration-ms="4" started-at="2016-07-27T19:24:35Z" data-provider="parameterTest" finished-at="2016-07-27T19:24:35Z">
          <params>
            <param index="0">
              <value>
                <![CDATA[]]>
              </value>
            </param>
          </params>
          <reporter-output>
          </reporter-output>
        </test-method> <!-- test_clear_1 -->
        <test-method status="PASS" signature="test_clear_1(Task.EList)[pri:0, instance:Test.EListTest_NG@6d78f375]" name="test_clear_1" duration-ms="1" started-at="2016-07-27T19:24:35Z" data-provider="parameterTest" finished-at="2016-07-27T19:24:35Z">
          <params>
            <param index="0">
              <value>
                <![CDATA[]]>
              </value>
            </param>
          </params>
          <reporter-output>
          </reporter-output>
        </test-method> <!-- test_clear_1 -->
        <test-method status="PASS" signature="test_clear_1(Task.EList)[pri:0, instance:Test.EListTest_NG@6d78f375]" name="test_clear_1" duration-ms="1" started-at="2016-07-27T19:24:35Z" data-provider="parameterTest" finished-at="2016-07-27T19:24:35Z">
          <params>
            <param index="0">
              <value>
                <![CDATA[]]>
              </value>
            </param>
          </params>
          <reporter-output>
          </reporter-output>
        </test-method> <!-- test_clear_1 -->
        <test-method status="PASS" signature="test_clear_1(Task.EList)[pri:0, instance:Test.EListTest_NG@6d78f375]" name="test_clear_1" duration-ms="1" started-at="2016-07-27T19:24:35Z" data-provider="parameterTest" finished-at="2016-07-27T19:24:35Z">
          <params>
            <param index="0">
              <value>
                <![CDATA[]]>
              </value>
            </param>
          </params>
          <reporter-output>
          </reporter-output>
        </test-method> <!-- test_clear_1 -->
        <test-method status="PASS" signature="test_clear_2(Task.EList)[pri:0, instance:Test.EListTest_NG@6d78f375]" name="test_clear_2" duration-ms="1" started-at="2016-07-27T19:24:35Z" data-provider="parameterTest" finished-at="2016-07-27T19:24:35Z">
          <params>
            <param index="0">
              <value>
                <![CDATA[]]>
              </value>
            </param>
          </params>
          <reporter-output>
          </reporter-output>
        </test-method> <!-- test_clear_2 -->
        <test-method status="PASS" signature="test_clear_2(Task.EList)[pri:0, instance:Test.EListTest_NG@6d78f375]" name="test_clear_2" duration-ms="1" started-at="2016-07-27T19:24:35Z" data-provider="parameterTest" finished-at="2016-07-27T19:24:35Z">
          <params>
            <param index="0">
              <value>
                <![CDATA[]]>
              </value>
            </param>
          </params>
          <reporter-output>
          </reporter-output>
        </test-method> <!-- test_clear_2 -->
        <test-method status="PASS" signature="test_clear_2(Task.EList)[pri:0, instance:Test.EListTest_NG@6d78f375]" name="test_clear_2" duration-ms="2" started-at="2016-07-27T19:24:35Z" data-provider="parameterTest" finished-at="2016-07-27T19:24:35Z">
          <params>
            <param index="0">
              <value>
                <![CDATA[]]>
              </value>
            </param>
          </params>
          <reporter-output>
          </reporter-output>
        </test-method> <!-- test_clear_2 -->
        <test-method status="PASS" signature="test_clear_2(Task.EList)[pri:0, instance:Test.EListTest_NG@6d78f375]" name="test_clear_2" duration-ms="1" started-at="2016-07-27T19:24:35Z" data-provider="parameterTest" finished-at="2016-07-27T19:24:35Z">
          <params>
            <param index="0">
              <value>
                <![CDATA[]]>
              </value>
            </param>
          </params>
          <reporter-output>
          </reporter-output>
        </test-method> <!-- test_clear_2 -->
        <test-method status="PASS" signature="test_clear_2(Task.EList)[pri:0, instance:Test.EListTest_NG@6d78f375]" name="test_clear_2" duration-ms="1" started-at="2016-07-27T19:24:35Z" data-provider="parameterTest" finished-at="2016-07-27T19:24:35Z">
          <params>
            <param index="0">
              <value>
                <![CDATA[]]>
              </value>
            </param>
          </params>
          <reporter-output>
          </reporter-output>
        </test-method> <!-- test_clear_2 -->
        <test-method status="PASS" signature="test_clear_many(Task.EList)[pri:0, instance:Test.EListTest_NG@6d78f375]" name="test_clear_many" duration-ms="2" started-at="2016-07-27T19:24:35Z" data-provider="parameterTest" finished-at="2016-07-27T19:24:35Z">
          <params>
            <param index="0">
              <value>
                <![CDATA[]]>
              </value>
            </param>
          </params>
          <reporter-output>
          </reporter-output>
        </test-method> <!-- test_clear_many -->
        <test-method status="PASS" signature="test_clear_many(Task.EList)[pri:0, instance:Test.EListTest_NG@6d78f375]" name="test_clear_many" duration-ms="3" started-at="2016-07-27T19:24:35Z" data-provider="parameterTest" finished-at="2016-07-27T19:24:35Z">
          <params>
            <param index="0">
              <value>
                <![CDATA[]]>
              </value>
            </param>
          </params>
          <reporter-output>
          </reporter-output>
        </test-method> <!-- test_clear_many -->
        <test-method status="PASS" signature="test_clear_many(Task.EList)[pri:0, instance:Test.EListTest_NG@6d78f375]" name="test_clear_many" duration-ms="1" started-at="2016-07-27T19:24:35Z" data-provider="parameterTest" finished-at="2016-07-27T19:24:35Z">
          <params>
            <param index="0">
              <value>
                <![CDATA[]]>
              </value>
            </param>
          </params>
          <reporter-output>
          </reporter-output>
        </test-method> <!-- test_clear_many -->
        <test-method status="PASS" signature="test_clear_many(Task.EList)[pri:0, instance:Test.EListTest_NG@6d78f375]" name="test_clear_many" duration-ms="0" started-at="2016-07-27T19:24:35Z" data-provider="parameterTest" finished-at="2016-07-27T19:24:35Z">
          <params>
            <param index="0">
              <value>
                <![CDATA[]]>
              </value>
            </param>
          </params>
          <reporter-output>
          </reporter-output>
        </test-method> <!-- test_clear_many -->
        <test-method status="PASS" signature="test_clear_many(Task.EList)[pri:0, instance:Test.EListTest_NG@6d78f375]" name="test_clear_many" duration-ms="2" started-at="2016-07-27T19:24:35Z" data-provider="parameterTest" finished-at="2016-07-27T19:24:35Z">
          <params>
            <param index="0">
              <value>
                <![CDATA[]]>
              </value>
            </param>
          </params>
          <reporter-output>
          </reporter-output>
        </test-method> <!-- test_clear_many -->
        <test-method status="PASS" signature="test_delEnd_0(Task.EList)[pri:0, instance:Test.EListTest_NG@6d78f375]" name="test_delEnd_0" duration-ms="3" started-at="2016-07-27T19:24:35Z" data-provider="parameterTest" finished-at="2016-07-27T19:24:35Z">
          <params>
            <param index="0">
              <value>
                <![CDATA[]]>
              </value>
            </param>
          </params>
          <exception class="java.lang.IllegalArgumentException">
            <full-stacktrace>
              <![CDATA[java.lang.IllegalArgumentException
	at Task.AList0.delEnd(AList0.java:125)
	at Test.EListTest_NG.test_delEnd_0(EListTest_NG.java:440)
	at sun.reflect.NativeMethodAccessorImpl.invoke0(Native Method)
	at sun.reflect.NativeMethodAccessorImpl.invoke(Unknown Source)
	at sun.reflect.DelegatingMethodAccessorImpl.invoke(Unknown Source)
	at java.lang.reflect.Method.invoke(Unknown Source)
	at org.testng.internal.MethodInvocationHelper.invokeMethod(MethodInvocationHelper.java:100)
	at org.testng.internal.Invoker.invokeMethod(Invoker.java:646)
	at org.testng.internal.Invoker.invokeTestMethod(Invoker.java:811)
	at org.testng.internal.Invoker.invokeTestMethods(Invoker.java:1129)
	at org.testng.internal.TestMethodWorker.invokeTestMethods(TestMethodWorker.java:129)
	at org.testng.internal.TestMethodWorker.run(TestMethodWorker.java:112)
	at org.testng.TestRunner.privateRun(TestRunner.java:746)
	at org.testng.TestRunner.run(TestRunner.java:600)
	at org.testng.SuiteRunner.runTest(SuiteRunner.java:366)
	at org.testng.SuiteRunner.runSequentially(SuiteRunner.java:361)
	at org.testng.SuiteRunner.privateRun(SuiteRunner.java:319)
	at org.testng.SuiteRunner.run(SuiteRunner.java:268)
	at org.testng.SuiteRunnerWorker.runSuite(SuiteRunnerWorker.java:52)
	at org.testng.SuiteRunnerWorker.run(SuiteRunnerWorker.java:86)
	at org.testng.TestNG.runSuitesSequentially(TestNG.java:1264)
	at org.testng.TestNG.runSuitesLocally(TestNG.java:1189)
	at org.testng.TestNG.runSuites(TestNG.java:1104)
	at org.testng.TestNG.run(TestNG.java:1076)
	at org.testng.remote.AbstractRemoteTestNG.run(AbstractRemoteTestNG.java:126)
	at org.testng.remote.RemoteTestNG.initAndRun(RemoteTestNG.java:152)
	at org.testng.remote.RemoteTestNG.main(RemoteTestNG.java:57)
]]>
            </full-stacktrace>
          </exception> <!-- java.lang.IllegalArgumentException -->
          <reporter-output>
          </reporter-output>
        </test-method> <!-- test_delEnd_0 -->
        <test-method status="PASS" signature="test_delEnd_0(Task.EList)[pri:0, instance:Test.EListTest_NG@6d78f375]" name="test_delEnd_0" duration-ms="1" started-at="2016-07-27T19:24:35Z" data-provider="parameterTest" finished-at="2016-07-27T19:24:35Z">
          <params>
            <param index="0">
              <value>
                <![CDATA[]]>
              </value>
            </param>
          </params>
          <exception class="java.lang.IllegalArgumentException">
            <full-stacktrace>
              <![CDATA[java.lang.IllegalArgumentException
	at Task.AList1.delEnd(AList1.java:112)
	at Test.EListTest_NG.test_delEnd_0(EListTest_NG.java:440)
	at sun.reflect.NativeMethodAccessorImpl.invoke0(Native Method)
	at sun.reflect.NativeMethodAccessorImpl.invoke(Unknown Source)
	at sun.reflect.DelegatingMethodAccessorImpl.invoke(Unknown Source)
	at java.lang.reflect.Method.invoke(Unknown Source)
	at org.testng.internal.MethodInvocationHelper.invokeMethod(MethodInvocationHelper.java:100)
	at org.testng.internal.Invoker.invokeMethod(Invoker.java:646)
	at org.testng.internal.Invoker.invokeTestMethod(Invoker.java:811)
	at org.testng.internal.Invoker.invokeTestMethods(Invoker.java:1129)
	at org.testng.internal.TestMethodWorker.invokeTestMethods(TestMethodWorker.java:129)
	at org.testng.internal.TestMethodWorker.run(TestMethodWorker.java:112)
	at org.testng.TestRunner.privateRun(TestRunner.java:746)
	at org.testng.TestRunner.run(TestRunner.java:600)
	at org.testng.SuiteRunner.runTest(SuiteRunner.java:366)
	at org.testng.SuiteRunner.runSequentially(SuiteRunner.java:361)
	at org.testng.SuiteRunner.privateRun(SuiteRunner.java:319)
	at org.testng.SuiteRunner.run(SuiteRunner.java:268)
	at org.testng.SuiteRunnerWorker.runSuite(SuiteRunnerWorker.java:52)
	at org.testng.SuiteRunnerWorker.run(SuiteRunnerWorker.java:86)
	at org.testng.TestNG.runSuitesSequentially(TestNG.java:1264)
	at org.testng.TestNG.runSuitesLocally(TestNG.java:1189)
	at org.testng.TestNG.runSuites(TestNG.java:1104)
	at org.testng.TestNG.run(TestNG.java:1076)
	at org.testng.remote.AbstractRemoteTestNG.run(AbstractRemoteTestNG.java:126)
	at org.testng.remote.RemoteTestNG.initAndRun(RemoteTestNG.java:152)
	at org.testng.remote.RemoteTestNG.main(RemoteTestNG.java:57)
]]>
            </full-stacktrace>
          </exception> <!-- java.lang.IllegalArgumentException -->
          <reporter-output>
          </reporter-output>
        </test-method> <!-- test_delEnd_0 -->
        <test-method status="PASS" signature="test_delEnd_0(Task.EList)[pri:0, instance:Test.EListTest_NG@6d78f375]" name="test_delEnd_0" duration-ms="1" started-at="2016-07-27T19:24:35Z" data-provider="parameterTest" finished-at="2016-07-27T19:24:35Z">
          <params>
            <param index="0">
              <value>
                <![CDATA[]]>
              </value>
            </param>
          </params>
          <exception class="java.lang.IllegalArgumentException">
            <full-stacktrace>
              <![CDATA[java.lang.IllegalArgumentException
	at Task.AList2.delEnd(AList2.java:109)
	at Test.EListTest_NG.test_delEnd_0(EListTest_NG.java:440)
	at sun.reflect.NativeMethodAccessorImpl.invoke0(Native Method)
	at sun.reflect.NativeMethodAccessorImpl.invoke(Unknown Source)
	at sun.reflect.DelegatingMethodAccessorImpl.invoke(Unknown Source)
	at java.lang.reflect.Method.invoke(Unknown Source)
	at org.testng.internal.MethodInvocationHelper.invokeMethod(MethodInvocationHelper.java:100)
	at org.testng.internal.Invoker.invokeMethod(Invoker.java:646)
	at org.testng.internal.Invoker.invokeTestMethod(Invoker.java:811)
	at org.testng.internal.Invoker.invokeTestMethods(Invoker.java:1129)
	at org.testng.internal.TestMethodWorker.invokeTestMethods(TestMethodWorker.java:129)
	at org.testng.internal.TestMethodWorker.run(TestMethodWorker.java:112)
	at org.testng.TestRunner.privateRun(TestRunner.java:746)
	at org.testng.TestRunner.run(TestRunner.java:600)
	at org.testng.SuiteRunner.runTest(SuiteRunner.java:366)
	at org.testng.SuiteRunner.runSequentially(SuiteRunner.java:361)
	at org.testng.SuiteRunner.privateRun(SuiteRunner.java:319)
	at org.testng.SuiteRunner.run(SuiteRunner.java:268)
	at org.testng.SuiteRunnerWorker.runSuite(SuiteRunnerWorker.java:52)
	at org.testng.SuiteRunnerWorker.run(SuiteRunnerWorker.java:86)
	at org.testng.TestNG.runSuitesSequentially(TestNG.java:1264)
	at org.testng.TestNG.runSuitesLocally(TestNG.java:1189)
	at org.testng.TestNG.runSuites(TestNG.java:1104)
	at org.testng.TestNG.run(TestNG.java:1076)
	at org.testng.remote.AbstractRemoteTestNG.run(AbstractRemoteTestNG.java:126)
	at org.testng.remote.RemoteTestNG.initAndRun(RemoteTestNG.java:152)
	at org.testng.remote.RemoteTestNG.main(RemoteTestNG.java:57)
]]>
            </full-stacktrace>
          </exception> <!-- java.lang.IllegalArgumentException -->
          <reporter-output>
          </reporter-output>
        </test-method> <!-- test_delEnd_0 -->
        <test-method status="PASS" signature="test_delEnd_0(Task.EList)[pri:0, instance:Test.EListTest_NG@6d78f375]" name="test_delEnd_0" duration-ms="3" started-at="2016-07-27T19:24:35Z" data-provider="parameterTest" finished-at="2016-07-27T19:24:35Z">
          <params>
            <param index="0">
              <value>
                <![CDATA[]]>
              </value>
            </param>
          </params>
          <exception class="java.lang.IllegalArgumentException">
            <full-stacktrace>
              <![CDATA[java.lang.IllegalArgumentException
	at Task.LList1.delEnd(LList1.java:152)
	at Test.EListTest_NG.test_delEnd_0(EListTest_NG.java:440)
	at sun.reflect.NativeMethodAccessorImpl.invoke0(Native Method)
	at sun.reflect.NativeMethodAccessorImpl.invoke(Unknown Source)
	at sun.reflect.DelegatingMethodAccessorImpl.invoke(Unknown Source)
	at java.lang.reflect.Method.invoke(Unknown Source)
	at org.testng.internal.MethodInvocationHelper.invokeMethod(MethodInvocationHelper.java:100)
	at org.testng.internal.Invoker.invokeMethod(Invoker.java:646)
	at org.testng.internal.Invoker.invokeTestMethod(Invoker.java:811)
	at org.testng.internal.Invoker.invokeTestMethods(Invoker.java:1129)
	at org.testng.internal.TestMethodWorker.invokeTestMethods(TestMethodWorker.java:129)
	at org.testng.internal.TestMethodWorker.run(TestMethodWorker.java:112)
	at org.testng.TestRunner.privateRun(TestRunner.java:746)
	at org.testng.TestRunner.run(TestRunner.java:600)
	at org.testng.SuiteRunner.runTest(SuiteRunner.java:366)
	at org.testng.SuiteRunner.runSequentially(SuiteRunner.java:361)
	at org.testng.SuiteRunner.privateRun(SuiteRunner.java:319)
	at org.testng.SuiteRunner.run(SuiteRunner.java:268)
	at org.testng.SuiteRunnerWorker.runSuite(SuiteRunnerWorker.java:52)
	at org.testng.SuiteRunnerWorker.run(SuiteRunnerWorker.java:86)
	at org.testng.TestNG.runSuitesSequentially(TestNG.java:1264)
	at org.testng.TestNG.runSuitesLocally(TestNG.java:1189)
	at org.testng.TestNG.runSuites(TestNG.java:1104)
	at org.testng.TestNG.run(TestNG.java:1076)
	at org.testng.remote.AbstractRemoteTestNG.run(AbstractRemoteTestNG.java:126)
	at org.testng.remote.RemoteTestNG.initAndRun(RemoteTestNG.java:152)
	at org.testng.remote.RemoteTestNG.main(RemoteTestNG.java:57)
]]>
            </full-stacktrace>
          </exception> <!-- java.lang.IllegalArgumentException -->
          <reporter-output>
          </reporter-output>
        </test-method> <!-- test_delEnd_0 -->
        <test-method status="PASS" signature="test_delEnd_0(Task.EList)[pri:0, instance:Test.EListTest_NG@6d78f375]" name="test_delEnd_0" duration-ms="1" started-at="2016-07-27T19:24:35Z" data-provider="parameterTest" finished-at="2016-07-27T19:24:35Z">
          <params>
            <param index="0">
              <value>
                <![CDATA[]]>
              </value>
            </param>
          </params>
          <exception class="java.lang.IllegalArgumentException">
            <full-stacktrace>
              <![CDATA[java.lang.IllegalArgumentException
	at Task.LList2.delEnd(LList2.java:181)
	at Test.EListTest_NG.test_delEnd_0(EListTest_NG.java:440)
	at sun.reflect.NativeMethodAccessorImpl.invoke0(Native Method)
	at sun.reflect.NativeMethodAccessorImpl.invoke(Unknown Source)
	at sun.reflect.DelegatingMethodAccessorImpl.invoke(Unknown Source)
	at java.lang.reflect.Method.invoke(Unknown Source)
	at org.testng.internal.MethodInvocationHelper.invokeMethod(MethodInvocationHelper.java:100)
	at org.testng.internal.Invoker.invokeMethod(Invoker.java:646)
	at org.testng.internal.Invoker.invokeTestMethod(Invoker.java:811)
	at org.testng.internal.Invoker.invokeTestMethods(Invoker.java:1129)
	at org.testng.internal.TestMethodWorker.invokeTestMethods(TestMethodWorker.java:129)
	at org.testng.internal.TestMethodWorker.run(TestMethodWorker.java:112)
	at org.testng.TestRunner.privateRun(TestRunner.java:746)
	at org.testng.TestRunner.run(TestRunner.java:600)
	at org.testng.SuiteRunner.runTest(SuiteRunner.java:366)
	at org.testng.SuiteRunner.runSequentially(SuiteRunner.java:361)
	at org.testng.SuiteRunner.privateRun(SuiteRunner.java:319)
	at org.testng.SuiteRunner.run(SuiteRunner.java:268)
	at org.testng.SuiteRunnerWorker.runSuite(SuiteRunnerWorker.java:52)
	at org.testng.SuiteRunnerWorker.run(SuiteRunnerWorker.java:86)
	at org.testng.TestNG.runSuitesSequentially(TestNG.java:1264)
	at org.testng.TestNG.runSuitesLocally(TestNG.java:1189)
	at org.testng.TestNG.runSuites(TestNG.java:1104)
	at org.testng.TestNG.run(TestNG.java:1076)
	at org.testng.remote.AbstractRemoteTestNG.run(AbstractRemoteTestNG.java:126)
	at org.testng.remote.RemoteTestNG.initAndRun(RemoteTestNG.java:152)
	at org.testng.remote.RemoteTestNG.main(RemoteTestNG.java:57)
]]>
            </full-stacktrace>
          </exception> <!-- java.lang.IllegalArgumentException -->
          <reporter-output>
          </reporter-output>
        </test-method> <!-- test_delEnd_0 -->
        <test-method status="PASS" signature="test_delEnd_1(Task.EList)[pri:0, instance:Test.EListTest_NG@6d78f375]" name="test_delEnd_1" duration-ms="1" started-at="2016-07-27T19:24:35Z" data-provider="parameterTest" finished-at="2016-07-27T19:24:35Z">
          <params>
            <param index="0">
              <value>
                <![CDATA[]]>
              </value>
            </param>
          </params>
          <reporter-output>
          </reporter-output>
        </test-method> <!-- test_delEnd_1 -->
        <test-method status="PASS" signature="test_delEnd_1(Task.EList)[pri:0, instance:Test.EListTest_NG@6d78f375]" name="test_delEnd_1" duration-ms="1" started-at="2016-07-27T19:24:35Z" data-provider="parameterTest" finished-at="2016-07-27T19:24:35Z">
          <params>
            <param index="0">
              <value>
                <![CDATA[]]>
              </value>
            </param>
          </params>
          <reporter-output>
          </reporter-output>
        </test-method> <!-- test_delEnd_1 -->
        <test-method status="PASS" signature="test_delEnd_1(Task.EList)[pri:0, instance:Test.EListTest_NG@6d78f375]" name="test_delEnd_1" duration-ms="1" started-at="2016-07-27T19:24:35Z" data-provider="parameterTest" finished-at="2016-07-27T19:24:35Z">
          <params>
            <param index="0">
              <value>
                <![CDATA[]]>
              </value>
            </param>
          </params>
          <reporter-output>
          </reporter-output>
        </test-method> <!-- test_delEnd_1 -->
        <test-method status="PASS" signature="test_delEnd_1(Task.EList)[pri:0, instance:Test.EListTest_NG@6d78f375]" name="test_delEnd_1" duration-ms="0" started-at="2016-07-27T19:24:35Z" data-provider="parameterTest" finished-at="2016-07-27T19:24:35Z">
          <params>
            <param index="0">
              <value>
                <![CDATA[]]>
              </value>
            </param>
          </params>
          <reporter-output>
          </reporter-output>
        </test-method> <!-- test_delEnd_1 -->
        <test-method status="PASS" signature="test_delEnd_1(Task.EList)[pri:0, instance:Test.EListTest_NG@6d78f375]" name="test_delEnd_1" duration-ms="1" started-at="2016-07-27T19:24:35Z" data-provider="parameterTest" finished-at="2016-07-27T19:24:35Z">
          <params>
            <param index="0">
              <value>
                <![CDATA[]]>
              </value>
            </param>
          </params>
          <reporter-output>
          </reporter-output>
        </test-method> <!-- test_delEnd_1 -->
        <test-method status="PASS" signature="test_delEnd_2(Task.EList)[pri:0, instance:Test.EListTest_NG@6d78f375]" name="test_delEnd_2" duration-ms="1" started-at="2016-07-27T19:24:35Z" data-provider="parameterTest" finished-at="2016-07-27T19:24:35Z">
          <params>
            <param index="0">
              <value>
                <![CDATA[1]]>
              </value>
            </param>
          </params>
          <reporter-output>
          </reporter-output>
        </test-method> <!-- test_delEnd_2 -->
        <test-method status="PASS" signature="test_delEnd_2(Task.EList)[pri:0, instance:Test.EListTest_NG@6d78f375]" name="test_delEnd_2" duration-ms="1" started-at="2016-07-27T19:24:35Z" data-provider="parameterTest" finished-at="2016-07-27T19:24:35Z">
          <params>
            <param index="0">
              <value>
                <![CDATA[1]]>
              </value>
            </param>
          </params>
          <reporter-output>
          </reporter-output>
        </test-method> <!-- test_delEnd_2 -->
        <test-method status="PASS" signature="test_delEnd_2(Task.EList)[pri:0, instance:Test.EListTest_NG@6d78f375]" name="test_delEnd_2" duration-ms="1" started-at="2016-07-27T19:24:35Z" data-provider="parameterTest" finished-at="2016-07-27T19:24:35Z">
          <params>
            <param index="0">
              <value>
                <![CDATA[1]]>
              </value>
            </param>
          </params>
          <reporter-output>
          </reporter-output>
        </test-method> <!-- test_delEnd_2 -->
        <test-method status="PASS" signature="test_delEnd_2(Task.EList)[pri:0, instance:Test.EListTest_NG@6d78f375]" name="test_delEnd_2" duration-ms="1" started-at="2016-07-27T19:24:35Z" data-provider="parameterTest" finished-at="2016-07-27T19:24:35Z">
          <params>
            <param index="0">
              <value>
                <![CDATA[1]]>
              </value>
            </param>
          </params>
          <reporter-output>
          </reporter-output>
        </test-method> <!-- test_delEnd_2 -->
        <test-method status="PASS" signature="test_delEnd_2(Task.EList)[pri:0, instance:Test.EListTest_NG@6d78f375]" name="test_delEnd_2" duration-ms="1" started-at="2016-07-27T19:24:35Z" data-provider="parameterTest" finished-at="2016-07-27T19:24:35Z">
          <params>
            <param index="0">
              <value>
                <![CDATA[1]]>
              </value>
            </param>
          </params>
          <reporter-output>
          </reporter-output>
        </test-method> <!-- test_delEnd_2 -->
        <test-method status="PASS" signature="test_delEnd_many(Task.EList)[pri:0, instance:Test.EListTest_NG@6d78f375]" name="test_delEnd_many" duration-ms="1" started-at="2016-07-27T19:24:35Z" data-provider="parameterTest" finished-at="2016-07-27T19:24:35Z">
          <params>
            <param index="0">
              <value>
                <![CDATA[5,-10,0,65]]>
              </value>
            </param>
          </params>
          <reporter-output>
          </reporter-output>
        </test-method> <!-- test_delEnd_many -->
        <test-method status="PASS" signature="test_delEnd_many(Task.EList)[pri:0, instance:Test.EListTest_NG@6d78f375]" name="test_delEnd_many" duration-ms="0" started-at="2016-07-27T19:24:35Z" data-provider="parameterTest" finished-at="2016-07-27T19:24:35Z">
          <params>
            <param index="0">
              <value>
                <![CDATA[5,-10,0,65]]>
              </value>
            </param>
          </params>
          <reporter-output>
          </reporter-output>
        </test-method> <!-- test_delEnd_many -->
        <test-method status="PASS" signature="test_delEnd_many(Task.EList)[pri:0, instance:Test.EListTest_NG@6d78f375]" name="test_delEnd_many" duration-ms="1" started-at="2016-07-27T19:24:35Z" data-provider="parameterTest" finished-at="2016-07-27T19:24:35Z">
          <params>
            <param index="0">
              <value>
                <![CDATA[5,-10,0,65]]>
              </value>
            </param>
          </params>
          <reporter-output>
          </reporter-output>
        </test-method> <!-- test_delEnd_many -->
        <test-method status="PASS" signature="test_delEnd_many(Task.EList)[pri:0, instance:Test.EListTest_NG@6d78f375]" name="test_delEnd_many" duration-ms="1" started-at="2016-07-27T19:24:35Z" data-provider="parameterTest" finished-at="2016-07-27T19:24:35Z">
          <params>
            <param index="0">
              <value>
                <![CDATA[5,-10,0,65]]>
              </value>
            </param>
          </params>
          <reporter-output>
          </reporter-output>
        </test-method> <!-- test_delEnd_many -->
        <test-method status="PASS" signature="test_delEnd_many(Task.EList)[pri:0, instance:Test.EListTest_NG@6d78f375]" name="test_delEnd_many" duration-ms="0" started-at="2016-07-27T19:24:35Z" data-provider="parameterTest" finished-at="2016-07-27T19:24:35Z">
          <params>
            <param index="0">
              <value>
                <![CDATA[5,-10,0,65]]>
              </value>
            </param>
          </params>
          <reporter-output>
          </reporter-output>
        </test-method> <!-- test_delEnd_many -->
        <test-method status="PASS" signature="test_delPos_0(Task.EList)[pri:0, instance:Test.EListTest_NG@6d78f375]" name="test_delPos_0" duration-ms="1" started-at="2016-07-27T19:24:35Z" data-provider="parameterTest" finished-at="2016-07-27T19:24:35Z">
          <params>
            <param index="0">
              <value>
                <![CDATA[]]>
              </value>
            </param>
          </params>
          <exception class="java.lang.IllegalArgumentException">
            <full-stacktrace>
              <![CDATA[java.lang.IllegalArgumentException
	at Task.AList0.delPos(AList0.java:142)
	at Test.EListTest_NG.test_delPos_0(EListTest_NG.java:485)
	at sun.reflect.NativeMethodAccessorImpl.invoke0(Native Method)
	at sun.reflect.NativeMethodAccessorImpl.invoke(Unknown Source)
	at sun.reflect.DelegatingMethodAccessorImpl.invoke(Unknown Source)
	at java.lang.reflect.Method.invoke(Unknown Source)
	at org.testng.internal.MethodInvocationHelper.invokeMethod(MethodInvocationHelper.java:100)
	at org.testng.internal.Invoker.invokeMethod(Invoker.java:646)
	at org.testng.internal.Invoker.invokeTestMethod(Invoker.java:811)
	at org.testng.internal.Invoker.invokeTestMethods(Invoker.java:1129)
	at org.testng.internal.TestMethodWorker.invokeTestMethods(TestMethodWorker.java:129)
	at org.testng.internal.TestMethodWorker.run(TestMethodWorker.java:112)
	at org.testng.TestRunner.privateRun(TestRunner.java:746)
	at org.testng.TestRunner.run(TestRunner.java:600)
	at org.testng.SuiteRunner.runTest(SuiteRunner.java:366)
	at org.testng.SuiteRunner.runSequentially(SuiteRunner.java:361)
	at org.testng.SuiteRunner.privateRun(SuiteRunner.java:319)
	at org.testng.SuiteRunner.run(SuiteRunner.java:268)
	at org.testng.SuiteRunnerWorker.runSuite(SuiteRunnerWorker.java:52)
	at org.testng.SuiteRunnerWorker.run(SuiteRunnerWorker.java:86)
	at org.testng.TestNG.runSuitesSequentially(TestNG.java:1264)
	at org.testng.TestNG.runSuitesLocally(TestNG.java:1189)
	at org.testng.TestNG.runSuites(TestNG.java:1104)
	at org.testng.TestNG.run(TestNG.java:1076)
	at org.testng.remote.AbstractRemoteTestNG.run(AbstractRemoteTestNG.java:126)
	at org.testng.remote.RemoteTestNG.initAndRun(RemoteTestNG.java:152)
	at org.testng.remote.RemoteTestNG.main(RemoteTestNG.java:57)
]]>
            </full-stacktrace>
          </exception> <!-- java.lang.IllegalArgumentException -->
          <reporter-output>
          </reporter-output>
        </test-method> <!-- test_delPos_0 -->
        <test-method status="PASS" signature="test_delPos_0(Task.EList)[pri:0, instance:Test.EListTest_NG@6d78f375]" name="test_delPos_0" duration-ms="1" started-at="2016-07-27T19:24:35Z" data-provider="parameterTest" finished-at="2016-07-27T19:24:35Z">
          <params>
            <param index="0">
              <value>
                <![CDATA[]]>
              </value>
            </param>
          </params>
          <exception class="java.lang.IllegalArgumentException">
            <full-stacktrace>
              <![CDATA[java.lang.IllegalArgumentException
	at Task.AList1.delPos(AList1.java:123)
	at Test.EListTest_NG.test_delPos_0(EListTest_NG.java:485)
	at sun.reflect.NativeMethodAccessorImpl.invoke0(Native Method)
	at sun.reflect.NativeMethodAccessorImpl.invoke(Unknown Source)
	at sun.reflect.DelegatingMethodAccessorImpl.invoke(Unknown Source)
	at java.lang.reflect.Method.invoke(Unknown Source)
	at org.testng.internal.MethodInvocationHelper.invokeMethod(MethodInvocationHelper.java:100)
	at org.testng.internal.Invoker.invokeMethod(Invoker.java:646)
	at org.testng.internal.Invoker.invokeTestMethod(Invoker.java:811)
	at org.testng.internal.Invoker.invokeTestMethods(Invoker.java:1129)
	at org.testng.internal.TestMethodWorker.invokeTestMethods(TestMethodWorker.java:129)
	at org.testng.internal.TestMethodWorker.run(TestMethodWorker.java:112)
	at org.testng.TestRunner.privateRun(TestRunner.java:746)
	at org.testng.TestRunner.run(TestRunner.java:600)
	at org.testng.SuiteRunner.runTest(SuiteRunner.java:366)
	at org.testng.SuiteRunner.runSequentially(SuiteRunner.java:361)
	at org.testng.SuiteRunner.privateRun(SuiteRunner.java:319)
	at org.testng.SuiteRunner.run(SuiteRunner.java:268)
	at org.testng.SuiteRunnerWorker.runSuite(SuiteRunnerWorker.java:52)
	at org.testng.SuiteRunnerWorker.run(SuiteRunnerWorker.java:86)
	at org.testng.TestNG.runSuitesSequentially(TestNG.java:1264)
	at org.testng.TestNG.runSuitesLocally(TestNG.java:1189)
	at org.testng.TestNG.runSuites(TestNG.java:1104)
	at org.testng.TestNG.run(TestNG.java:1076)
	at org.testng.remote.AbstractRemoteTestNG.run(AbstractRemoteTestNG.java:126)
	at org.testng.remote.RemoteTestNG.initAndRun(RemoteTestNG.java:152)
	at org.testng.remote.RemoteTestNG.main(RemoteTestNG.java:57)
]]>
            </full-stacktrace>
          </exception> <!-- java.lang.IllegalArgumentException -->
          <reporter-output>
          </reporter-output>
        </test-method> <!-- test_delPos_0 -->
        <test-method status="PASS" signature="test_delPos_0(Task.EList)[pri:0, instance:Test.EListTest_NG@6d78f375]" name="test_delPos_0" duration-ms="1" started-at="2016-07-27T19:24:35Z" data-provider="parameterTest" finished-at="2016-07-27T19:24:35Z">
          <params>
            <param index="0">
              <value>
                <![CDATA[]]>
              </value>
            </param>
          </params>
          <exception class="java.lang.IllegalArgumentException">
            <full-stacktrace>
              <![CDATA[java.lang.IllegalArgumentException
	at Task.AList2.delPos(AList2.java:120)
	at Test.EListTest_NG.test_delPos_0(EListTest_NG.java:485)
	at sun.reflect.NativeMethodAccessorImpl.invoke0(Native Method)
	at sun.reflect.NativeMethodAccessorImpl.invoke(Unknown Source)
	at sun.reflect.DelegatingMethodAccessorImpl.invoke(Unknown Source)
	at java.lang.reflect.Method.invoke(Unknown Source)
	at org.testng.internal.MethodInvocationHelper.invokeMethod(MethodInvocationHelper.java:100)
	at org.testng.internal.Invoker.invokeMethod(Invoker.java:646)
	at org.testng.internal.Invoker.invokeTestMethod(Invoker.java:811)
	at org.testng.internal.Invoker.invokeTestMethods(Invoker.java:1129)
	at org.testng.internal.TestMethodWorker.invokeTestMethods(TestMethodWorker.java:129)
	at org.testng.internal.TestMethodWorker.run(TestMethodWorker.java:112)
	at org.testng.TestRunner.privateRun(TestRunner.java:746)
	at org.testng.TestRunner.run(TestRunner.java:600)
	at org.testng.SuiteRunner.runTest(SuiteRunner.java:366)
	at org.testng.SuiteRunner.runSequentially(SuiteRunner.java:361)
	at org.testng.SuiteRunner.privateRun(SuiteRunner.java:319)
	at org.testng.SuiteRunner.run(SuiteRunner.java:268)
	at org.testng.SuiteRunnerWorker.runSuite(SuiteRunnerWorker.java:52)
	at org.testng.SuiteRunnerWorker.run(SuiteRunnerWorker.java:86)
	at org.testng.TestNG.runSuitesSequentially(TestNG.java:1264)
	at org.testng.TestNG.runSuitesLocally(TestNG.java:1189)
	at org.testng.TestNG.runSuites(TestNG.java:1104)
	at org.testng.TestNG.run(TestNG.java:1076)
	at org.testng.remote.AbstractRemoteTestNG.run(AbstractRemoteTestNG.java:126)
	at org.testng.remote.RemoteTestNG.initAndRun(RemoteTestNG.java:152)
	at org.testng.remote.RemoteTestNG.main(RemoteTestNG.java:57)
]]>
            </full-stacktrace>
          </exception> <!-- java.lang.IllegalArgumentException -->
          <reporter-output>
          </reporter-output>
        </test-method> <!-- test_delPos_0 -->
        <test-method status="PASS" signature="test_delPos_0(Task.EList)[pri:0, instance:Test.EListTest_NG@6d78f375]" name="test_delPos_0" duration-ms="2" started-at="2016-07-27T19:24:35Z" data-provider="parameterTest" finished-at="2016-07-27T19:24:35Z">
          <params>
            <param index="0">
              <value>
                <![CDATA[]]>
              </value>
            </param>
          </params>
          <exception class="java.lang.IllegalArgumentException">
            <full-stacktrace>
              <![CDATA[java.lang.IllegalArgumentException
	at Task.LList1.delPos(LList1.java:178)
	at Test.EListTest_NG.test_delPos_0(EListTest_NG.java:485)
	at sun.reflect.NativeMethodAccessorImpl.invoke0(Native Method)
	at sun.reflect.NativeMethodAccessorImpl.invoke(Unknown Source)
	at sun.reflect.DelegatingMethodAccessorImpl.invoke(Unknown Source)
	at java.lang.reflect.Method.invoke(Unknown Source)
	at org.testng.internal.MethodInvocationHelper.invokeMethod(MethodInvocationHelper.java:100)
	at org.testng.internal.Invoker.invokeMethod(Invoker.java:646)
	at org.testng.internal.Invoker.invokeTestMethod(Invoker.java:811)
	at org.testng.internal.Invoker.invokeTestMethods(Invoker.java:1129)
	at org.testng.internal.TestMethodWorker.invokeTestMethods(TestMethodWorker.java:129)
	at org.testng.internal.TestMethodWorker.run(TestMethodWorker.java:112)
	at org.testng.TestRunner.privateRun(TestRunner.java:746)
	at org.testng.TestRunner.run(TestRunner.java:600)
	at org.testng.SuiteRunner.runTest(SuiteRunner.java:366)
	at org.testng.SuiteRunner.runSequentially(SuiteRunner.java:361)
	at org.testng.SuiteRunner.privateRun(SuiteRunner.java:319)
	at org.testng.SuiteRunner.run(SuiteRunner.java:268)
	at org.testng.SuiteRunnerWorker.runSuite(SuiteRunnerWorker.java:52)
	at org.testng.SuiteRunnerWorker.run(SuiteRunnerWorker.java:86)
	at org.testng.TestNG.runSuitesSequentially(TestNG.java:1264)
	at org.testng.TestNG.runSuitesLocally(TestNG.java:1189)
	at org.testng.TestNG.runSuites(TestNG.java:1104)
	at org.testng.TestNG.run(TestNG.java:1076)
	at org.testng.remote.AbstractRemoteTestNG.run(AbstractRemoteTestNG.java:126)
	at org.testng.remote.RemoteTestNG.initAndRun(RemoteTestNG.java:152)
	at org.testng.remote.RemoteTestNG.main(RemoteTestNG.java:57)
]]>
            </full-stacktrace>
          </exception> <!-- java.lang.IllegalArgumentException -->
          <reporter-output>
          </reporter-output>
        </test-method> <!-- test_delPos_0 -->
        <test-method status="PASS" signature="test_delPos_0(Task.EList)[pri:0, instance:Test.EListTest_NG@6d78f375]" name="test_delPos_0" duration-ms="1" started-at="2016-07-27T19:24:35Z" data-provider="parameterTest" finished-at="2016-07-27T19:24:35Z">
          <params>
            <param index="0">
              <value>
                <![CDATA[]]>
              </value>
            </param>
          </params>
          <exception class="java.lang.IllegalArgumentException">
            <full-stacktrace>
              <![CDATA[java.lang.IllegalArgumentException
	at Task.LList2.delPos(LList2.java:203)
	at Test.EListTest_NG.test_delPos_0(EListTest_NG.java:485)
	at sun.reflect.NativeMethodAccessorImpl.invoke0(Native Method)
	at sun.reflect.NativeMethodAccessorImpl.invoke(Unknown Source)
	at sun.reflect.DelegatingMethodAccessorImpl.invoke(Unknown Source)
	at java.lang.reflect.Method.invoke(Unknown Source)
	at org.testng.internal.MethodInvocationHelper.invokeMethod(MethodInvocationHelper.java:100)
	at org.testng.internal.Invoker.invokeMethod(Invoker.java:646)
	at org.testng.internal.Invoker.invokeTestMethod(Invoker.java:811)
	at org.testng.internal.Invoker.invokeTestMethods(Invoker.java:1129)
	at org.testng.internal.TestMethodWorker.invokeTestMethods(TestMethodWorker.java:129)
	at org.testng.internal.TestMethodWorker.run(TestMethodWorker.java:112)
	at org.testng.TestRunner.privateRun(TestRunner.java:746)
	at org.testng.TestRunner.run(TestRunner.java:600)
	at org.testng.SuiteRunner.runTest(SuiteRunner.java:366)
	at org.testng.SuiteRunner.runSequentially(SuiteRunner.java:361)
	at org.testng.SuiteRunner.privateRun(SuiteRunner.java:319)
	at org.testng.SuiteRunner.run(SuiteRunner.java:268)
	at org.testng.SuiteRunnerWorker.runSuite(SuiteRunnerWorker.java:52)
	at org.testng.SuiteRunnerWorker.run(SuiteRunnerWorker.java:86)
	at org.testng.TestNG.runSuitesSequentially(TestNG.java:1264)
	at org.testng.TestNG.runSuitesLocally(TestNG.java:1189)
	at org.testng.TestNG.runSuites(TestNG.java:1104)
	at org.testng.TestNG.run(TestNG.java:1076)
	at org.testng.remote.AbstractRemoteTestNG.run(AbstractRemoteTestNG.java:126)
	at org.testng.remote.RemoteTestNG.initAndRun(RemoteTestNG.java:152)
	at org.testng.remote.RemoteTestNG.main(RemoteTestNG.java:57)
]]>
            </full-stacktrace>
          </exception> <!-- java.lang.IllegalArgumentException -->
          <reporter-output>
          </reporter-output>
        </test-method> <!-- test_delPos_0 -->
        <test-method status="PASS" signature="test_delPos_1(Task.EList)[pri:0, instance:Test.EListTest_NG@6d78f375]" name="test_delPos_1" duration-ms="1" started-at="2016-07-27T19:24:35Z" data-provider="parameterTest" finished-at="2016-07-27T19:24:35Z">
          <params>
            <param index="0">
              <value>
                <![CDATA[]]>
              </value>
            </param>
          </params>
          <reporter-output>
          </reporter-output>
        </test-method> <!-- test_delPos_1 -->
        <test-method status="PASS" signature="test_delPos_1(Task.EList)[pri:0, instance:Test.EListTest_NG@6d78f375]" name="test_delPos_1" duration-ms="1" started-at="2016-07-27T19:24:35Z" data-provider="parameterTest" finished-at="2016-07-27T19:24:35Z">
          <params>
            <param index="0">
              <value>
                <![CDATA[]]>
              </value>
            </param>
          </params>
          <reporter-output>
          </reporter-output>
        </test-method> <!-- test_delPos_1 -->
        <test-method status="PASS" signature="test_delPos_1(Task.EList)[pri:0, instance:Test.EListTest_NG@6d78f375]" name="test_delPos_1" duration-ms="1" started-at="2016-07-27T19:24:35Z" data-provider="parameterTest" finished-at="2016-07-27T19:24:35Z">
          <params>
            <param index="0">
              <value>
                <![CDATA[]]>
              </value>
            </param>
          </params>
          <reporter-output>
          </reporter-output>
        </test-method> <!-- test_delPos_1 -->
        <test-method status="PASS" signature="test_delPos_1(Task.EList)[pri:0, instance:Test.EListTest_NG@6d78f375]" name="test_delPos_1" duration-ms="3" started-at="2016-07-27T19:24:35Z" data-provider="parameterTest" finished-at="2016-07-27T19:24:35Z">
          <params>
            <param index="0">
              <value>
                <![CDATA[]]>
              </value>
            </param>
          </params>
          <reporter-output>
          </reporter-output>
        </test-method> <!-- test_delPos_1 -->
        <test-method status="PASS" signature="test_delPos_1(Task.EList)[pri:0, instance:Test.EListTest_NG@6d78f375]" name="test_delPos_1" duration-ms="1" started-at="2016-07-27T19:24:35Z" data-provider="parameterTest" finished-at="2016-07-27T19:24:35Z">
          <params>
            <param index="0">
              <value>
                <![CDATA[]]>
              </value>
            </param>
          </params>
          <reporter-output>
          </reporter-output>
        </test-method> <!-- test_delPos_1 -->
        <test-method status="PASS" signature="test_delPos_2(Task.EList)[pri:0, instance:Test.EListTest_NG@6d78f375]" name="test_delPos_2" duration-ms="4" started-at="2016-07-27T19:24:35Z" data-provider="parameterTest" finished-at="2016-07-27T19:24:35Z">
          <params>
            <param index="0">
              <value>
                <![CDATA[1]]>
              </value>
            </param>
          </params>
          <reporter-output>
          </reporter-output>
        </test-method> <!-- test_delPos_2 -->
        <test-method status="PASS" signature="test_delPos_2(Task.EList)[pri:0, instance:Test.EListTest_NG@6d78f375]" name="test_delPos_2" duration-ms="0" started-at="2016-07-27T19:24:35Z" data-provider="parameterTest" finished-at="2016-07-27T19:24:35Z">
          <params>
            <param index="0">
              <value>
                <![CDATA[1]]>
              </value>
            </param>
          </params>
          <reporter-output>
          </reporter-output>
        </test-method> <!-- test_delPos_2 -->
        <test-method status="PASS" signature="test_delPos_2(Task.EList)[pri:0, instance:Test.EListTest_NG@6d78f375]" name="test_delPos_2" duration-ms="0" started-at="2016-07-27T19:24:35Z" data-provider="parameterTest" finished-at="2016-07-27T19:24:35Z">
          <params>
            <param index="0">
              <value>
                <![CDATA[1]]>
              </value>
            </param>
          </params>
          <reporter-output>
          </reporter-output>
        </test-method> <!-- test_delPos_2 -->
        <test-method status="PASS" signature="test_delPos_2(Task.EList)[pri:0, instance:Test.EListTest_NG@6d78f375]" name="test_delPos_2" duration-ms="1" started-at="2016-07-27T19:24:35Z" data-provider="parameterTest" finished-at="2016-07-27T19:24:35Z">
          <params>
            <param index="0">
              <value>
                <![CDATA[1]]>
              </value>
            </param>
          </params>
          <reporter-output>
[...]
          </reporter-output>
        </test-method> <!-- test_toArray_1 -->
        <test-method status="PASS" signature="test_toArray_1(Task.EList)[pri:0, instance:Test.EListTest_NG@6d78f375]" name="test_toArray_1" duration-ms="0" started-at="2016-07-27T19:24:36Z" data-provider="parameterTest" finished-at="2016-07-27T19:24:36Z">
          <params>
            <param index="0">
              <value>
                <![CDATA[5]]>
              </value>
            </param>
          </params>
          <reporter-output>
          </reporter-output>
        </test-method> <!-- test_toArray_1 -->
        <test-method status="PASS" signature="test_toArray_1(Task.EList)[pri:0, instance:Test.EListTest_NG@6d78f375]" name="test_toArray_1" duration-ms="1" started-at="2016-07-27T19:24:36Z" data-provider="parameterTest" finished-at="2016-07-27T19:24:36Z">
          <params>
            <param index="0">
              <value>
                <![CDATA[5]]>
              </value>
            </param>
          </params>
          <reporter-output>
          </reporter-output>
        </test-method> <!-- test_toArray_1 -->
        <test-method status="PASS" signature="test_toArray_2(Task.EList)[pri:0, instance:Test.EListTest_NG@6d78f375]" name="test_toArray_2" duration-ms="1" started-at="2016-07-27T19:24:36Z" data-provider="parameterTest" finished-at="2016-07-27T19:24:36Z">
          <params>
            <param index="0">
              <value>
                <![CDATA[5,-5]]>
              </value>
            </param>
          </params>
          <reporter-output>
          </reporter-output>
        </test-method> <!-- test_toArray_2 -->
        <test-method status="PASS" signature="test_toArray_2(Task.EList)[pri:0, instance:Test.EListTest_NG@6d78f375]" name="test_toArray_2" duration-ms="1" started-at="2016-07-27T19:24:36Z" data-provider="parameterTest" finished-at="2016-07-27T19:24:36Z">
          <params>
            <param index="0">
              <value>
                <![CDATA[5,-5]]>
              </value>
            </param>
          </params>
          <reporter-output>
          </reporter-output>
        </test-method> <!-- test_toArray_2 -->
        <test-method status="PASS" signature="test_toArray_2(Task.EList)[pri:0, instance:Test.EListTest_NG@6d78f375]" name="test_toArray_2" duration-ms="0" started-at="2016-07-27T19:24:36Z" data-provider="parameterTest" finished-at="2016-07-27T19:24:36Z">
          <params>
            <param index="0">
              <value>
                <![CDATA[5,-5]]>
              </value>
            </param>
          </params>
          <reporter-output>
          </reporter-output>
        </test-method> <!-- test_toArray_2 -->
        <test-method status="PASS" signature="test_toArray_2(Task.EList)[pri:0, instance:Test.EListTest_NG@6d78f375]" name="test_toArray_2" duration-ms="0" started-at="2016-07-27T19:24:36Z" data-provider="parameterTest" finished-at="2016-07-27T19:24:36Z">
          <params>
            <param index="0">
              <value>
                <![CDATA[5,-5]]>
              </value>
            </param>
          </params>
          <reporter-output>
          </reporter-output>
        </test-method> <!-- test_toArray_2 -->
        <test-method status="PASS" signature="test_toArray_2(Task.EList)[pri:0, instance:Test.EListTest_NG@6d78f375]" name="test_toArray_2" duration-ms="0" started-at="2016-07-27T19:24:36Z" data-provider="parameterTest" finished-at="2016-07-27T19:24:36Z">
          <params>
            <param index="0">
              <value>
                <![CDATA[5,-5]]>
              </value>
            </param>
          </params>
          <reporter-output>
          </reporter-output>
        </test-method> <!-- test_toArray_2 -->
        <test-method status="PASS" signature="test_toArray_many(Task.EList)[pri:0, instance:Test.EListTest_NG@6d78f375]" name="test_toArray_many" duration-ms="0" started-at="2016-07-27T19:24:36Z" data-provider="parameterTest" finished-at="2016-07-27T19:24:36Z">
          <params>
            <param index="0">
              <value>
                <![CDATA[5,-10,0,95,-65]]>
              </value>
            </param>
          </params>
          <reporter-output>
          </reporter-output>
        </test-method> <!-- test_toArray_many -->
        <test-method status="PASS" signature="test_toArray_many(Task.EList)[pri:0, instance:Test.EListTest_NG@6d78f375]" name="test_toArray_many" duration-ms="0" started-at="2016-07-27T19:24:36Z" data-provider="parameterTest" finished-at="2016-07-27T19:24:36Z">
          <params>
            <param index="0">
              <value>
                <![CDATA[5,-10,0,95,-65]]>
              </value>
            </param>
          </params>
          <reporter-output>
          </reporter-output>
        </test-method> <!-- test_toArray_many -->
        <test-method status="PASS" signature="test_toArray_many(Task.EList)[pri:0, instance:Test.EListTest_NG@6d78f375]" name="test_toArray_many" duration-ms="0" started-at="2016-07-27T19:24:36Z" data-provider="parameterTest" finished-at="2016-07-27T19:24:36Z">
          <params>
            <param index="0">
              <value>
                <![CDATA[5,-10,0,95,-65]]>
              </value>
            </param>
          </params>
          <reporter-output>
          </reporter-output>
        </test-method> <!-- test_toArray_many -->
        <test-method status="PASS" signature="test_toArray_many(Task.EList)[pri:0, instance:Test.EListTest_NG@6d78f375]" name="test_toArray_many" duration-ms="1" started-at="2016-07-27T19:24:36Z" data-provider="parameterTest" finished-at="2016-07-27T19:24:36Z">
          <params>
            <param index="0">
              <value>
                <![CDATA[5,-10,0,95,-65]]>
              </value>
            </param>
          </params>
          <reporter-output>
          </reporter-output>
        </test-method> <!-- test_toArray_many -->
        <test-method status="PASS" signature="test_toArray_many(Task.EList)[pri:0, instance:Test.EListTest_NG@6d78f375]" name="test_toArray_many" duration-ms="1" started-at="2016-07-27T19:24:36Z" data-provider="parameterTest" finished-at="2016-07-27T19:24:36Z">
          <params>
            <param index="0">
              <value>
                <![CDATA[5,-10,0,95,-65]]>
              </value>
            </param>
          </params>
          <reporter-output>
          </reporter-output>
        </test-method> <!-- test_toArray_many -->
        <test-method status="PASS" signature="test_toArray_null(Task.EList)[pri:0, instance:Test.EListTest_NG@6d78f375]" name="test_toArray_null" duration-ms="0" started-at="2016-07-27T19:24:36Z" data-provider="parameterTest" finished-at="2016-07-27T19:24:36Z">
          <params>
            <param index="0">
              <value>
                <![CDATA[]]>
              </value>
            </param>
          </params>
          <reporter-output>
          </reporter-output>
        </test-method> <!-- test_toArray_null -->
        <test-method status="PASS" signature="test_toArray_null(Task.EList)[pri:0, instance:Test.EListTest_NG@6d78f375]" name="test_toArray_null" duration-ms="0" started-at="2016-07-27T19:24:36Z" data-provider="parameterTest" finished-at="2016-07-27T19:24:36Z">
          <params>
            <param index="0">
              <value>
                <![CDATA[]]>
              </value>
            </param>
          </params>
          <reporter-output>
          </reporter-output>
        </test-method> <!-- test_toArray_null -->
        <test-method status="PASS" signature="test_toArray_null(Task.EList)[pri:0, instance:Test.EListTest_NG@6d78f375]" name="test_toArray_null" duration-ms="0" started-at="2016-07-27T19:24:36Z" data-provider="parameterTest" finished-at="2016-07-27T19:24:36Z">
          <params>
            <param index="0">
              <value>
                <![CDATA[]]>
              </value>
            </param>
          </params>
          <reporter-output>
          </reporter-output>
        </test-method> <!-- test_toArray_null -->
        <test-method status="PASS" signature="test_toArray_null(Task.EList)[pri:0, instance:Test.EListTest_NG@6d78f375]" name="test_toArray_null" duration-ms="0" started-at="2016-07-27T19:24:36Z" data-provider="parameterTest" finished-at="2016-07-27T19:24:36Z">
          <params>
            <param index="0">
              <value>
                <![CDATA[]]>
              </value>
            </param>
          </params>
          <reporter-output>
          </reporter-output>
        </test-method> <!-- test_toArray_null -->
        <test-method status="PASS" signature="test_toArray_null(Task.EList)[pri:0, instance:Test.EListTest_NG@6d78f375]" name="test_toArray_null" duration-ms="1" started-at="2016-07-27T19:24:36Z" data-provider="parameterTest" finished-at="2016-07-27T19:24:36Z">
          <params>
            <param index="0">
              <value>
                <![CDATA[]]>
              </value>
            </param>
          </params>
          <reporter-output>
          </reporter-output>
        </test-method> <!-- test_toArray_null -->
        <test-method status="PASS" signature="test_toString_0(Task.EList)[pri:0, instance:Test.EListTest_NG@6d78f375]" name="test_toString_0" duration-ms="1" started-at="2016-07-27T19:24:36Z" data-provider="parameterTest" finished-at="2016-07-27T19:24:36Z">
          <params>
            <param index="0">
              <value>
                <![CDATA[]]>
              </value>
            </param>
          </params>
          <reporter-output>
          </reporter-output>
        </test-method> <!-- test_toString_0 -->
        <test-method status="PASS" signature="test_toString_0(Task.EList)[pri:0, instance:Test.EListTest_NG@6d78f375]" name="test_toString_0" duration-ms="0" started-at="2016-07-27T19:24:36Z" data-provider="parameterTest" finished-at="2016-07-27T19:24:36Z">
          <params>
            <param index="0">
              <value>
                <![CDATA[]]>
              </value>
            </param>
          </params>
          <reporter-output>
          </reporter-output>
        </test-method> <!-- test_toString_0 -->
        <test-method status="PASS" signature="test_toString_0(Task.EList)[pri:0, instance:Test.EListTest_NG@6d78f375]" name="test_toString_0" duration-ms="1" started-at="2016-07-27T19:24:36Z" data-provider="parameterTest" finished-at="2016-07-27T19:24:36Z">
          <params>
            <param index="0">
              <value>
                <![CDATA[]]>
              </value>
            </param>
          </params>
          <reporter-output>
          </reporter-output>
        </test-method> <!-- test_toString_0 -->
        <test-method status="PASS" signature="test_toString_0(Task.EList)[pri:0, instance:Test.EListTest_NG@6d78f375]" name="test_toString_0" duration-ms="1" started-at="2016-07-27T19:24:36Z" data-provider="parameterTest" finished-at="2016-07-27T19:24:36Z">
          <params>
            <param index="0">
              <value>
                <![CDATA[]]>
              </value>
            </param>
          </params>
          <reporter-output>
          </reporter-output>
        </test-method> <!-- test_toString_0 -->
        <test-method status="PASS" signature="test_toString_0(Task.EList)[pri:0, instance:Test.EListTest_NG@6d78f375]" name="test_toString_0" duration-ms="0" started-at="2016-07-27T19:24:36Z" data-provider="parameterTest" finished-at="2016-07-27T19:24:36Z">
          <params>
            <param index="0">
              <value>
                <![CDATA[]]>
              </value>
            </param>
          </params>
          <reporter-output>
          </reporter-output>
        </test-method> <!-- test_toString_0 -->
        <test-method status="PASS" signature="test_toString_1(Task.EList)[pri:0, instance:Test.EListTest_NG@6d78f375]" name="test_toString_1" duration-ms="1" started-at="2016-07-27T19:24:36Z" data-provider="parameterTest" finished-at="2016-07-27T19:24:36Z">
          <params>
            <param index="0">
              <value>
                <![CDATA[5]]>
              </value>
            </param>
          </params>
          <reporter-output>
          </reporter-output>
        </test-method> <!-- test_toString_1 -->
        <test-method status="PASS" signature="test_toString_1(Task.EList)[pri:0, instance:Test.EListTest_NG@6d78f375]" name="test_toString_1" duration-ms="1" started-at="2016-07-27T19:24:36Z" data-provider="parameterTest" finished-at="2016-07-27T19:24:36Z">
          <params>
            <param index="0">
              <value>
                <![CDATA[5]]>
              </value>
            </param>
          </params>
          <reporter-output>
          </reporter-output>
        </test-method> <!-- test_toString_1 -->
        <test-method status="PASS" signature="test_toString_1(Task.EList)[pri:0, instance:Test.EListTest_NG@6d78f375]" name="test_toString_1" duration-ms="1" started-at="2016-07-27T19:24:36Z" data-provider="parameterTest" finished-at="2016-07-27T19:24:36Z">
          <params>
            <param index="0">
              <value>
                <![CDATA[5]]>
              </value>
            </param>
          </params>
          <reporter-output>
          </reporter-output>
        </test-method> <!-- test_toString_1 -->
        <test-method status="PASS" signature="test_toString_1(Task.EList)[pri:0, instance:Test.EListTest_NG@6d78f375]" name="test_toString_1" duration-ms="1" started-at="2016-07-27T19:24:36Z" data-provider="parameterTest" finished-at="2016-07-27T19:24:36Z">
          <params>
            <param index="0">
              <value>
                <![CDATA[5]]>
              </value>
            </param>
          </params>
          <reporter-output>
          </reporter-output>
        </test-method> <!-- test_toString_1 -->
        <test-method status="PASS" signature="test_toString_1(Task.EList)[pri:0, instance:Test.EListTest_NG@6d78f375]" name="test_toString_1" duration-ms="1" started-at="2016-07-27T19:24:36Z" data-provider="parameterTest" finished-at="2016-07-27T19:24:36Z">
          <params>
            <param index="0">
              <value>
                <![CDATA[5]]>
              </value>
            </param>
          </params>
          <reporter-output>
          </reporter-output>
        </test-method> <!-- test_toString_1 -->
        <test-method status="PASS" signature="test_toString_2(Task.EList)[pri:0, instance:Test.EListTest_NG@6d78f375]" name="test_toString_2" duration-ms="1" started-at="2016-07-27T19:24:36Z" data-provider="parameterTest" finished-at="2016-07-27T19:24:36Z">
          <params>
            <param index="0">
              <value>
                <![CDATA[5,-5]]>
              </value>
            </param>
          </params>
          <reporter-output>
          </reporter-output>
        </test-method> <!-- test_toString_2 -->
        <test-method status="PASS" signature="test_toString_2(Task.EList)[pri:0, instance:Test.EListTest_NG@6d78f375]" name="test_toString_2" duration-ms="1" started-at="2016-07-27T19:24:36Z" data-provider="parameterTest" finished-at="2016-07-27T19:24:36Z">
          <params>
            <param index="0">
              <value>
                <![CDATA[5,-5]]>
              </value>
            </param>
          </params>
          <reporter-output>
          </reporter-output>
        </test-method> <!-- test_toString_2 -->
        <test-method status="PASS" signature="test_toString_2(Task.EList)[pri:0, instance:Test.EListTest_NG@6d78f375]" name="test_toString_2" duration-ms="1" started-at="2016-07-27T19:24:36Z" data-provider="parameterTest" finished-at="2016-07-27T19:24:36Z">
          <params>
            <param index="0">
              <value>
                <![CDATA[5,-5]]>
              </value>
            </param>
          </params>
          <reporter-output>
          </reporter-output>
        </test-method> <!-- test_toString_2 -->
        <test-method status="PASS" signature="test_toString_2(Task.EList)[pri:0, instance:Test.EListTest_NG@6d78f375]" name="test_toString_2" duration-ms="1" started-at="2016-07-27T19:24:36Z" data-provider="parameterTest" finished-at="2016-07-27T19:24:36Z">
          <params>
            <param index="0">
              <value>
                <![CDATA[5,-5]]>
              </value>
            </param>
          </params>
          <reporter-output>
          </reporter-output>
        </test-method> <!-- test_toString_2 -->
        <test-method status="PASS" signature="test_toString_2(Task.EList)[pri:0, instance:Test.EListTest_NG@6d78f375]" name="test_toString_2" duration-ms="0" started-at="2016-07-27T19:24:36Z" data-provider="parameterTest" finished-at="2016-07-27T19:24:36Z">
          <params>
            <param index="0">
              <value>
                <![CDATA[5,-5]]>
              </value>
            </param>
          </params>
          <reporter-output>
          </reporter-output>
        </test-method> <!-- test_toString_2 -->
        <test-method status="PASS" signature="test_toString_many(Task.EList)[pri:0, instance:Test.EListTest_NG@6d78f375]" name="test_toString_many" duration-ms="0" started-at="2016-07-27T19:24:36Z" data-provider="parameterTest" finished-at="2016-07-27T19:24:36Z">
          <params>
            <param index="0">
              <value>
                <![CDATA[5,-10,0,95,-65]]>
              </value>
            </param>
          </params>
          <reporter-output>
          </reporter-output>
        </test-method> <!-- test_toString_many -->
        <test-method status="PASS" signature="test_toString_many(Task.EList)[pri:0, instance:Test.EListTest_NG@6d78f375]" name="test_toString_many" duration-ms="0" started-at="2016-07-27T19:24:36Z" data-provider="parameterTest" finished-at="2016-07-27T19:24:36Z">
          <params>
            <param index="0">
              <value>
                <![CDATA[5,-10,0,95,-65]]>
              </value>
            </param>
          </params>
          <reporter-output>
          </reporter-output>
        </test-method> <!-- test_toString_many -->
        <test-method status="PASS" signature="test_toString_many(Task.EList)[pri:0, instance:Test.EListTest_NG@6d78f375]" name="test_toString_many" duration-ms="1" started-at="2016-07-27T19:24:36Z" data-provider="parameterTest" finished-at="2016-07-27T19:24:36Z">
          <params>
            <param index="0">
              <value>
                <![CDATA[5,-10,0,95,-65]]>
              </value>
            </param>
          </params>
          <reporter-output>
          </reporter-output>
        </test-method> <!-- test_toString_many -->
        <test-method status="PASS" signature="test_toString_many(Task.EList)[pri:0, instance:Test.EListTest_NG@6d78f375]" name="test_toString_many" duration-ms="0" started-at="2016-07-27T19:24:36Z" data-provider="parameterTest" finished-at="2016-07-27T19:24:36Z">
          <params>
            <param index="0">
              <value>
                <![CDATA[5,-10,0,95,-65]]>
              </value>
            </param>
          </params>
          <reporter-output>
          </reporter-output>
        </test-method> <!-- test_toString_many -->
        <test-method status="PASS" signature="test_toString_many(Task.EList)[pri:0, instance:Test.EListTest_NG@6d78f375]" name="test_toString_many" duration-ms="0" started-at="2016-07-27T19:24:36Z" data-provider="parameterTest" finished-at="2016-07-27T19:24:36Z">
          <params>
            <param index="0">
              <value>
                <![CDATA[5,-10,0,95,-65]]>
              </value>
            </param>
          </params>
          <reporter-output>
          </reporter-output>
        </test-method> <!-- test_toString_many -->
      </class> <!-- Test.EListTest_NG -->
    </test> <!-- Default test -->
  </suite> <!-- Default suite -->
</testng-results>
